0 info it worked if it ends with ok
1 verbose cli [ '/usr/local/bin/node',
1 verbose cli   '/usr/local/bin/npm',
1 verbose cli   'install',
1 verbose cli   '--save',
1 verbose cli   'ngTable' ]
2 info using npm@1.4.3
3 info using node@v0.10.26
4 warn package.json azix-server@0.0.0 No repository field.
5 verbose readDependencies using package.json deps
6 verbose cache add [ 'ngTable', null ]
7 verbose cache add name=undefined spec="ngTable" args=["ngTable",null]
8 verbose parsed url { protocol: null,
8 verbose parsed url   slashes: null,
8 verbose parsed url   auth: null,
8 verbose parsed url   host: null,
8 verbose parsed url   port: null,
8 verbose parsed url   hostname: null,
8 verbose parsed url   hash: null,
8 verbose parsed url   search: null,
8 verbose parsed url   query: null,
8 verbose parsed url   pathname: 'ngTable',
8 verbose parsed url   path: 'ngTable',
8 verbose parsed url   href: 'ngTable' }
9 silly lockFile c247f4f4-ngTable ngTable
10 verbose lock ngTable /Users/williamjohnson/.npm/c247f4f4-ngTable.lock
11 silly lockFile c247f4f4-ngTable ngTable
12 silly lockFile c247f4f4-ngTable ngTable
13 verbose addNamed [ 'ngTable', '' ]
14 verbose addNamed [ null, '*' ]
15 silly lockFile fbfc6bb1-ngTable ngTable@
16 verbose lock ngTable@ /Users/williamjohnson/.npm/fbfc6bb1-ngTable.lock
17 silly addNameRange { name: 'ngTable', range: '*', hasData: false }
18 verbose url raw ngTable
19 verbose url resolving [ 'https://registry.npmjs.org/', './ngTable' ]
20 verbose url resolved https://registry.npmjs.org/ngTable
21 info trying registry request attempt 1 at 17:00:01
22 http GET https://registry.npmjs.org/ngTable
23 http 404 https://registry.npmjs.org/ngTable
24 silly registry.get cb [ 404,
24 silly registry.get   { date: 'Thu, 24 Jul 2014 00:00:03 GMT',
24 silly registry.get     server: 'CouchDB/1.5.0 (Erlang OTP/R16B03)',
24 silly registry.get     'content-type': 'application/json',
24 silly registry.get     'cache-control': 'max-age=0',
24 silly registry.get     'content-length': '52',
24 silly registry.get     'accept-ranges': 'bytes',
24 silly registry.get     via: '1.1 varnish',
24 silly registry.get     age: '0',
24 silly registry.get     'x-served-by': 'cache-lax1426-LAX',
24 silly registry.get     'x-cache': 'MISS',
24 silly registry.get     'x-cache-hits': '0',
24 silly registry.get     'x-timer': 'S1406160003.010813,VS0,VE57',
24 silly registry.get     'keep-alive': 'timeout=10, max=50',
24 silly registry.get     connection: 'Keep-Alive' } ]
25 silly lockFile fbfc6bb1-ngTable ngTable@
26 silly lockFile fbfc6bb1-ngTable ngTable@
27 error 404 'ngTable' is not in the npm registry.
27 error 404 You should bug the author to publish it
27 error 404 It was specified as a dependency of 'azix-server'
27 error 404
27 error 404 Note that you can also install from a
27 error 404 tarball, folder, or http url, or git url.
28 error System Darwin 13.3.0
29 error command "/usr/local/bin/node" "/usr/local/bin/npm" "install" "--save" "ngTable"
30 error cwd /Users/williamjohnson/Desktop/io/azix/server
31 error node -v v0.10.26
32 error npm -v 1.4.3
33 error code E404
34 verbose exit [ 1, true ]
